mode: set
beckn-onix/cmd/clientSideReciever/main.go:24.56,26.16 2 1
beckn-onix/cmd/clientSideReciever/main.go:26.16,28.3 1 1
beckn-onix/cmd/clientSideReciever/main.go:30.2,34.68 4 1
beckn-onix/cmd/clientSideReciever/main.go:34.68,35.34 1 1
beckn-onix/cmd/clientSideReciever/main.go:35.34,38.4 2 0
beckn-onix/cmd/clientSideReciever/main.go:40.3,43.51 3 1
beckn-onix/cmd/clientSideReciever/main.go:47.2,48.55 2 1
beckn-onix/cmd/clientSideReciever/main.go:48.55,50.3 1 0
beckn-onix/cmd/clientSideReciever/main.go:51.2,51.12 1 0
beckn-onix/cmd/clientSideReciever/main.go:54.68,56.16 2 1
beckn-onix/cmd/clientSideReciever/main.go:56.16,58.3 1 0
beckn-onix/cmd/clientSideReciever/main.go:59.2,64.16 5 1
beckn-onix/cmd/clientSideReciever/main.go:64.16,66.3 1 1
beckn-onix/cmd/clientSideReciever/main.go:67.2,67.46 1 1
beckn-onix/cmd/clientSideReciever/main.go:67.46,69.3 1 1
beckn-onix/cmd/clientSideReciever/main.go:71.2,71.21 1 1
beckn-onix/cmd/clientSideReciever/main.go:76.13,80.62 3 0
beckn-onix/cmd/clientSideReciever/main.go:80.62,82.3 1 0
